This is pdfTeX, Version 3.141592653-2.6-1.40.22 (TeX Live 2021/MacPorts 2021.58693_0) (preloaded format=pdflatex 2021.8.18)  14 FEB 2022 11:55
entering extended mode
 restricted \write18 enabled.
 %&-line parsing enabled.
**main.tex
(./main.tex
LaTeX2e <2020-10-01> patch level 4
L3 programming layer <2021-02-18>
(/opt/local/share/texmf-texlive/tex/latex/mnras/mnras.cls
Document Class: mnras 2015/05/22\ v3.0\ LaTeX2e MNRAS document class
MNRAS document style v3.0, released 2015/05/22
(/opt/local/share/texmf-texlive/tex/latex/geometry/geometry.sty
Package: geometry 2020/01/02 v5.9 Page Geometry

(/opt/local/share/texmf-texlive/tex/latex/graphics/keyval.sty
Package: keyval 2014/10/28 v1.15 key=value parser (DPC)
\KV@toks@=\toks15
)
(/opt/local/share/texmf-texlive/tex/generic/iftex/ifvtex.sty
Package: ifvtex 2019/10/25 v1.7 ifvtex legacy package. Use iftex instead.

(/opt/local/share/texmf-texlive/tex/generic/iftex/iftex.sty
Package: iftex 2020/03/06 v1.0d TeX engine tests
))
\Gm@cnth=\count179
\Gm@cntv=\count180
\c@Gm@tempcnt=\count181
\Gm@bindingoffset=\dimen138
\Gm@wd@mp=\dimen139
\Gm@odd@mp=\dimen140
\Gm@even@mp=\dimen141
\Gm@layoutwidth=\dimen142
\Gm@layoutheight=\dimen143
\Gm@layouthoffset=\dimen144
\Gm@layoutvoffset=\dimen145
\Gm@dimlist=\toks16
)
(/opt/local/share/texmf-texlive/tex/latex/hyperref/hyperref.sty
Package: hyperref 2021-02-27 v7.00k Hypertext links for LaTeX

(/opt/local/share/texmf-texlive/tex/generic/ltxcmds/ltxcmds.sty
Package: ltxcmds 2020-05-10 v1.25 LaTeX kernel commands for general use (HO)
)
(/opt/local/share/texmf-texlive/tex/generic/pdftexcmds/pdftexcmds.sty
Package: pdftexcmds 2020-06-27 v0.33 Utility functions of pdfTeX for LuaTeX (HO
)

(/opt/local/share/texmf-texlive/tex/generic/infwarerr/infwarerr.sty
Package: infwarerr 2019/12/03 v1.5 Providing info/warning/error messages (HO)
)
Package pdftexcmds Info: \pdf@primitive is available.
Package pdftexcmds Info: \pdf@ifprimitive is available.
Package pdftexcmds Info: \pdfdraftmode found.
)
(/opt/local/share/texmf-texlive/tex/generic/kvsetkeys/kvsetkeys.sty
Package: kvsetkeys 2019/12/15 v1.18 Key value parser (HO)
)
(/opt/local/share/texmf-texlive/tex/generic/kvdefinekeys/kvdefinekeys.sty
Package: kvdefinekeys 2019-12-19 v1.6 Define keys (HO)
)
(/opt/local/share/texmf-texlive/tex/generic/pdfescape/pdfescape.sty
Package: pdfescape 2019/12/09 v1.15 Implements pdfTeX's escape features (HO)
)
(/opt/local/share/texmf-texlive/tex/latex/hycolor/hycolor.sty
Package: hycolor 2020-01-27 v1.10 Color options for hyperref/bookmark (HO)
)
(/opt/local/share/texmf-texlive/tex/latex/letltxmacro/letltxmacro.sty
Package: letltxmacro 2019/12/03 v1.6 Let assignment for LaTeX macros (HO)
)
(/opt/local/share/texmf-texlive/tex/latex/auxhook/auxhook.sty
Package: auxhook 2019-12-17 v1.6 Hooks for auxiliary files (HO)
)
(/opt/local/share/texmf-texlive/tex/latex/kvoptions/kvoptions.sty
Package: kvoptions 2020-10-07 v3.14 Key value format for package options (HO)
)
\@linkdim=\dimen146
\Hy@linkcounter=\count182
\Hy@pagecounter=\count183

(/opt/local/share/texmf-texlive/tex/latex/hyperref/pd1enc.def
File: pd1enc.def 2021-02-27 v7.00k Hyperref: PDFDocEncoding definition (HO)
Now handling font encoding PD1 ...
... no UTF-8 mapping file for font encoding PD1
)
(/opt/local/share/texmf-texlive/tex/latex/hyperref/hyperref-langpatches.def
File: hyperref-langpatches.def 2021-02-27 v7.00k Hyperref: patches for babel la
nguages
)
(/opt/local/share/texmf-texlive/tex/generic/intcalc/intcalc.sty
Package: intcalc 2019/12/15 v1.3 Expandable calculations with integers (HO)
)
(/opt/local/share/texmf-texlive/tex/generic/etexcmds/etexcmds.sty
Package: etexcmds 2019/12/15 v1.7 Avoid name clashes with e-TeX commands (HO)
)
\Hy@SavedSpaceFactor=\count184

(/opt/local/share/texmf-texlive/tex/latex/hyperref/puenc.def
File: puenc.def 2021-02-27 v7.00k Hyperref: PDF Unicode definition (HO)
Now handling font encoding PU ...
... no UTF-8 mapping file for font encoding PU
)
Package hyperref Info: Option `pdfpagelabels' set `false' on input line 4073.
Package hyperref Info: Hyper figures OFF on input line 4192.
Package hyperref Info: Link nesting OFF on input line 4197.
Package hyperref Info: Hyper index ON on input line 4200.
Package hyperref Info: Plain pages OFF on input line 4207.
Package hyperref Info: Backreferencing OFF on input line 4212.
Package hyperref Info: Implicit mode ON; LaTeX internals redefined.
Package hyperref Info: Bookmarks ON on input line 4445.
\c@Hy@tempcnt=\count185

(/opt/local/share/texmf-texlive/tex/latex/url/url.sty
\Urlmuskip=\muskip16
Package: url 2013/09/16  ver 3.4  Verb mode for urls, etc.
)
LaTeX Info: Redefining \url on input line 4804.
\XeTeXLinkMargin=\dimen147

(/opt/local/share/texmf-texlive/tex/generic/bitset/bitset.sty
Package: bitset 2019/12/09 v1.3 Handle bit-vector datatype (HO)

(/opt/local/share/texmf-texlive/tex/generic/bigintcalc/bigintcalc.sty
Package: bigintcalc 2019/12/15 v1.5 Expandable calculations on big integers (HO
)
))
\Fld@menulength=\count186
\Field@Width=\dimen148
\Fld@charsize=\dimen149
Package hyperref Info: Hyper figures OFF on input line 6075.
Package hyperref Info: Link nesting OFF on input line 6080.
Package hyperref Info: Hyper index ON on input line 6083.
Package hyperref Info: backreferencing OFF on input line 6090.
Package hyperref Info: Link coloring OFF on input line 6095.
Package hyperref Info: Link coloring with OCG OFF on input line 6100.
Package hyperref Info: PDF/A mode OFF on input line 6105.
LaTeX Info: Redefining \ref on input line 6145.
LaTeX Info: Redefining \pageref on input line 6149.

(/opt/local/share/texmf-texlive/tex/latex/base/atbegshi-ltx.sty
Package: atbegshi-ltx 2020/08/17 v1.0a Emulation of the original atbegshi packa
ge
with kernel methods
)
\c@Item=\count187
\c@Hfootnote=\count188
)
Package hyperref Info: Driver (autodetected): hpdftex.

(/opt/local/share/texmf-texlive/tex/latex/hyperref/hpdftex.def
File: hpdftex.def 2021-02-27 v7.00k Hyperref driver for pdfTeX
\Fld@listcount=\count189
\c@bookmark@seq@number=\count190

(/opt/local/share/texmf-texlive/tex/latex/rerunfilecheck/rerunfilecheck.sty
Package: rerunfilecheck 2019/12/05 v1.9 Rerun checks for auxiliary files (HO)

(/opt/local/share/texmf-texlive/tex/latex/base/atveryend-ltx.sty
Package: atveryend-ltx 2020/08/19 v1.0a Emulation of the original atvery packag
e
with kernel methods
)
(/opt/local/share/texmf-texlive/tex/generic/uniquecounter/uniquecounter.sty
Package: uniquecounter 2019/12/15 v1.4 Provide unlimited unique counter (HO)
)
Package uniquecounter Info: New unique counter `rerunfilecheck' on input line 2
86.
)
\Hy@SectionHShift=\skip47
)
Package hyperref Info: Option `colorlinks' set `true' on input line 128.
\math@groups=\toks17
LaTeX Font Info:    Overwriting symbol font `symbols' in version `bold'
(Font)                  OMS/cmsy/b/n --> OMS/cmsy/b/n on input line 288.
\symbmisymbols=\mathgroup4
\SFB@measure=\dimen150
\realparindent=\skip48
\c@part=\count191
\c@section=\count192
\c@subsection=\count193
\c@subsubsection=\count194
\c@paragraph=\count195
\c@subparagraph=\count196
\@indentskip=\skip49
\smallindent=\skip50
\@footindent=\skip51
\@leftskip=\skip52

(/opt/local/share/texmf-texlive/tex/latex/natbib/natbib.sty
Package: natbib 2010/09/13 8.31b (PWD, AO)
\bibhang=\skip53
\bibsep=\skip54
LaTeX Info: Redefining \cite on input line 694.
\c@NAT@ctr=\count197
)
\c@table=\count198
\c@figure=\count199
)
(/opt/local/share/texmf-texlive/tex/latex/graphics/graphicx.sty
Package: graphicx 2020/09/09 v1.2b Enhanced LaTeX Graphics (DPC,SPQR)

(/opt/local/share/texmf-texlive/tex/latex/graphics/graphics.sty
Package: graphics 2020/08/30 v1.4c Standard LaTeX Graphics (DPC,SPQR)

(/opt/local/share/texmf-texlive/tex/latex/graphics/trig.sty
Package: trig 2016/01/03 v1.10 sin cos tan (DPC)
)
(/opt/local/share/texmf-texlive/tex/latex/graphics-cfg/graphics.cfg
File: graphics.cfg 2016/06/04 v1.11 sample graphics configuration
)
Package graphics Info: Driver file: pdftex.def on input line 105.

(/opt/local/share/texmf-texlive/tex/latex/graphics-def/pdftex.def
File: pdftex.def 2020/10/05 v1.2a Graphics/color driver for pdftex
))
\Gin@req@height=\dimen151
\Gin@req@width=\dimen152
)
(/opt/local/share/texmf-texlive/tex/latex/amsfonts/amssymb.sty
Package: amssymb 2013/01/14 v3.01 AMS font symbols

(/opt/local/share/texmf-texlive/tex/latex/amsfonts/amsfonts.sty
Package: amsfonts 2013/01/14 v3.01 Basic AMSFonts support
\@emptytoks=\toks18
\symAMSa=\mathgroup5
\symAMSb=\mathgroup6
LaTeX Font Info:    Redeclaring math symbol \hbar on input line 98.
LaTeX Font Info:    Overwriting math alphabet `\mathfrak' in version `bold'
(Font)                  U/euf/m/n --> U/euf/b/n on input line 106.
))
(/Users/taylora/sty_files/epstopdf.sty
Package: epstopdf 2010/02/09 v2.5 Conversion with epstopdf on the fly (HO)

(/opt/local/share/texmf-texlive/tex/latex/epstopdf-pkg/epstopdf-base.sty
Package: epstopdf-base 2020-01-24 v2.11 Base part for package epstopdf
Package epstopdf-base Info: Redefining graphics rule for `.eps' on input line 4
85.

(/opt/local/share/texmf-texlive/tex/latex/latexconfig/epstopdf-sys.cfg
File: epstopdf-sys.cfg 2010/07/13 v1.3 Configuration of (r)epstopdf for TeX Liv
e
)))
(/opt/local/share/texmf-texlive/tex/latex/amsmath/amsmath.sty
Package: amsmath 2020/09/23 v2.17i AMS math features
\@mathmargin=\skip55

For additional information on amsmath, use the `?' option.
(/opt/local/share/texmf-texlive/tex/latex/amsmath/amstext.sty
Package: amstext 2000/06/29 v2.01 AMS text

(/opt/local/share/texmf-texlive/tex/latex/amsmath/amsgen.sty
File: amsgen.sty 1999/11/30 v2.0 generic functions
\@emptytoks=\toks19
\ex@=\dimen153
))
(/opt/local/share/texmf-texlive/tex/latex/amsmath/amsbsy.sty
Package: amsbsy 1999/11/29 v1.2d Bold Symbols
\pmbraise@=\dimen154
)
(/opt/local/share/texmf-texlive/tex/latex/amsmath/amsopn.sty
Package: amsopn 2016/03/08 v2.02 operator names
)
\inf@bad=\count266
LaTeX Info: Redefining \frac on input line 234.
\uproot@=\count267
\leftroot@=\count268
LaTeX Info: Redefining \overline on input line 399.
\classnum@=\count269
\DOTSCASE@=\count270
LaTeX Info: Redefining \ldots on input line 496.
LaTeX Info: Redefining \dots on input line 499.
LaTeX Info: Redefining \cdots on input line 620.
\Mathstrutbox@=\box47
\strutbox@=\box48
\big@size=\dimen155
LaTeX Font Info:    Redeclaring font encoding OML on input line 743.
LaTeX Font Info:    Redeclaring font encoding OMS on input line 744.
\macc@depth=\count271
\c@MaxMatrixCols=\count272
\dotsspace@=\muskip17
\c@parentequation=\count273
\dspbrk@lvl=\count274
\tag@help=\toks20
\row@=\count275
\column@=\count276
\maxfields@=\count277
\andhelp@=\toks21
\eqnshift@=\dimen156
\alignsep@=\dimen157
\tagshift@=\dimen158
\tagwidth@=\dimen159
\totwidth@=\dimen160
\lineht@=\dimen161
\@envbody=\toks22
\multlinegap=\skip56
\multlinetaggap=\skip57
\mathdisplay@stack=\toks23
LaTeX Info: Redefining \[ on input line 2923.
LaTeX Info: Redefining \] on input line 2924.
)
(/Users/taylora/sty_files/comment.sty Excluding comment 'comment')
(/opt/local/share/texmf-texlive/tex/latex/xcolor/xcolor.sty
Package: xcolor 2016/05/11 v2.12 LaTeX color extensions (UK)

(/opt/local/share/texmf-texlive/tex/latex/graphics-cfg/color.cfg
File: color.cfg 2016/01/02 v1.6 sample color configuration
)
Package xcolor Info: Driver file: pdftex.def on input line 225.
Package xcolor Info: Model `cmy' substituted by `cmy0' on input line 1348.
Package xcolor Info: Model `hsb' substituted by `rgb' on input line 1352.
Package xcolor Info: Model `RGB' extended on input line 1364.
Package xcolor Info: Model `HTML' substituted by `rgb' on input line 1366.
Package xcolor Info: Model `Hsb' substituted by `hsb' on input line 1367.
Package xcolor Info: Model `tHsb' substituted by `hsb' on input line 1368.
Package xcolor Info: Model `HSB' substituted by `hsb' on input line 1369.
Package xcolor Info: Model `Gray' substituted by `gray' on input line 1370.
Package xcolor Info: Model `wave' substituted by `hsb' on input line 1371.
)
(/Users/taylora/sty_files/gensymb.sty
Package: gensymb 2003/07/02 v1.0 (WaS)
)
(/opt/local/share/texmf-texlive/tex/latex/tools/xspace.sty
Package: xspace 2014/10/28 v1.13 Space after command names (DPC,MH)
)
(/opt/local/share/texmf-texlive/tex/latex/tools/array.sty
Package: array 2020/10/01 v2.5c Tabular extension package (FMi)
\col@sep=\dimen162
\ar@mcellbox=\box49
\extrarowheight=\dimen163
\NC@list=\toks24
\extratabsurround=\skip58
\backup@length=\skip59
\ar@cellbox=\box50
)
(/opt/local/share/texmf-texlive/tex/latex/sttools/cuted.sty
Package: cuted 2012/10/04 v1.5 Mixing onecolumn and twocolumn modes
\At@ViperColsBreak=\toks25
\v@aaa=\box51
\v@ccc=\box52
\lastskip@a=\skip60
\lastskip@b=\skip61
\lastskip@d=\skip62
\lastbox@a=\box53
\stripsep=\skip63
\@viper=\box54
\viper@penalty=\count278
\hold@viper=\box55
\ht@viper=\dimen164
)
(/opt/local/share/texmf-texlive/tex/latex/pgf/frontendlayer/tikz.sty
(/opt/local/share/texmf-texlive/tex/latex/pgf/basiclayer/pgf.sty
(/opt/local/share/texmf-texlive/tex/latex/pgf/utilities/pgfrcs.sty
(/opt/local/share/texmf-texlive/tex/generic/pgf/utilities/pgfutil-common.tex
\pgfutil@everybye=\toks26
\pgfutil@tempdima=\dimen165
\pgfutil@tempdimb=\dimen166

(/opt/local/share/texmf-texlive/tex/generic/pgf/utilities/pgfutil-common-lists.
tex))
(/opt/local/share/texmf-texlive/tex/generic/pgf/utilities/pgfutil-latex.def
\pgfutil@abb=\box56
)
(/opt/local/share/texmf-texlive/tex/generic/pgf/utilities/pgfrcs.code.tex
(/opt/local/share/texmf-texlive/tex/generic/pgf/pgf.revision.tex)
Package: pgfrcs 2020/12/27 v3.1.8b (3.1.8b)
))
Package: pgf 2020/12/27 v3.1.8b (3.1.8b)

(/opt/local/share/texmf-texlive/tex/latex/pgf/basiclayer/pgfcore.sty
(/opt/local/share/texmf-texlive/tex/latex/pgf/systemlayer/pgfsys.sty
(/opt/local/share/texmf-texlive/tex/generic/pgf/systemlayer/pgfsys.code.tex
Package: pgfsys 2020/12/27 v3.1.8b (3.1.8b)

(/opt/local/share/texmf-texlive/tex/generic/pgf/utilities/pgfkeys.code.tex
\pgfkeys@pathtoks=\toks27
\pgfkeys@temptoks=\toks28

(/opt/local/share/texmf-texlive/tex/generic/pgf/utilities/pgfkeysfiltered.code.
tex
\pgfkeys@tmptoks=\toks29
))
\pgf@x=\dimen167
\pgf@y=\dimen168
\pgf@xa=\dimen169
\pgf@ya=\dimen170
\pgf@xb=\dimen171
\pgf@yb=\dimen172
\pgf@xc=\dimen173
\pgf@yc=\dimen174
\pgf@xd=\dimen175
\pgf@yd=\dimen176
\w@pgf@writea=\write3
\r@pgf@reada=\read2
\c@pgf@counta=\count279
\c@pgf@countb=\count280
\c@pgf@countc=\count281
\c@pgf@countd=\count282
\t@pgf@toka=\toks30
\t@pgf@tokb=\toks31
\t@pgf@tokc=\toks32
\pgf@sys@id@count=\count283
 (/opt/local/share/texmf-texlive/tex/generic/pgf/systemlayer/pgf.cfg
File: pgf.cfg 2020/12/27 v3.1.8b (3.1.8b)
)
Driver file for pgf: pgfsys-pdftex.def

(/opt/local/share/texmf-texlive/tex/generic/pgf/systemlayer/pgfsys-pdftex.def
File: pgfsys-pdftex.def 2020/12/27 v3.1.8b (3.1.8b)

(/opt/local/share/texmf-texlive/tex/generic/pgf/systemlayer/pgfsys-common-pdf.d
ef
File: pgfsys-common-pdf.def 2020/12/27 v3.1.8b (3.1.8b)
)))
(/opt/local/share/texmf-texlive/tex/generic/pgf/systemlayer/pgfsyssoftpath.code
.tex
File: pgfsyssoftpath.code.tex 2020/12/27 v3.1.8b (3.1.8b)
\pgfsyssoftpath@smallbuffer@items=\count284
\pgfsyssoftpath@bigbuffer@items=\count285
)
(/opt/local/share/texmf-texlive/tex/generic/pgf/systemlayer/pgfsysprotocol.code
.tex
File: pgfsysprotocol.code.tex 2020/12/27 v3.1.8b (3.1.8b)
))
(/opt/local/share/texmf-texlive/tex/generic/pgf/basiclayer/pgfcore.code.tex
Package: pgfcore 2020/12/27 v3.1.8b (3.1.8b)

(/opt/local/share/texmf-texlive/tex/generic/pgf/math/pgfmath.code.tex
(/opt/local/share/texmf-texlive/tex/generic/pgf/math/pgfmathcalc.code.tex
(/opt/local/share/texmf-texlive/tex/generic/pgf/math/pgfmathutil.code.tex)
(/opt/local/share/texmf-texlive/tex/generic/pgf/math/pgfmathparser.code.tex
\pgfmath@dimen=\dimen177
\pgfmath@count=\count286
\pgfmath@box=\box57
\pgfmath@toks=\toks33
\pgfmath@stack@operand=\toks34
\pgfmath@stack@operation=\toks35
)
(/opt/local/share/texmf-texlive/tex/generic/pgf/math/pgfmathfunctions.code.tex
(/opt/local/share/texmf-texlive/tex/generic/pgf/math/pgfmathfunctions.basic.cod
e.tex)
(/opt/local/share/texmf-texlive/tex/generic/pgf/math/pgfmathfunctions.trigonome
tric.code.tex)
(/opt/local/share/texmf-texlive/tex/generic/pgf/math/pgfmathfunctions.random.co
de.tex)
(/opt/local/share/texmf-texlive/tex/generic/pgf/math/pgfmathfunctions.compariso
n.code.tex)
(/opt/local/share/texmf-texlive/tex/generic/pgf/math/pgfmathfunctions.base.code
.tex)
(/opt/local/share/texmf-texlive/tex/generic/pgf/math/pgfmathfunctions.round.cod
e.tex)
(/opt/local/share/texmf-texlive/tex/generic/pgf/math/pgfmathfunctions.misc.code
.tex)
(/opt/local/share/texmf-texlive/tex/generic/pgf/math/pgfmathfunctions.integerar
ithmetics.code.tex)))
(/opt/local/share/texmf-texlive/tex/generic/pgf/math/pgfmathfloat.code.tex
\c@pgfmathroundto@lastzeros=\count287
))
(/opt/local/share/texmf-texlive/tex/generic/pgf/math/pgfint.code.tex)
(/opt/local/share/texmf-texlive/tex/generic/pgf/basiclayer/pgfcorepoints.code.t
ex
File: pgfcorepoints.code.tex 2020/12/27 v3.1.8b (3.1.8b)
\pgf@picminx=\dimen178
\pgf@picmaxx=\dimen179
\pgf@picminy=\dimen180
\pgf@picmaxy=\dimen181
\pgf@pathminx=\dimen182
\pgf@pathmaxx=\dimen183
\pgf@pathminy=\dimen184
\pgf@pathmaxy=\dimen185
\pgf@xx=\dimen186
\pgf@xy=\dimen187
\pgf@yx=\dimen188
\pgf@yy=\dimen189
\pgf@zx=\dimen190
\pgf@zy=\dimen191
)
(/opt/local/share/texmf-texlive/tex/generic/pgf/basiclayer/pgfcorepathconstruct
.code.tex
File: pgfcorepathconstruct.code.tex 2020/12/27 v3.1.8b (3.1.8b)
\pgf@path@lastx=\dimen192
\pgf@path@lasty=\dimen193
)
(/opt/local/share/texmf-texlive/tex/generic/pgf/basiclayer/pgfcorepathusage.cod
e.tex
File: pgfcorepathusage.code.tex 2020/12/27 v3.1.8b (3.1.8b)
\pgf@shorten@end@additional=\dimen194
\pgf@shorten@start@additional=\dimen195
)
(/opt/local/share/texmf-texlive/tex/generic/pgf/basiclayer/pgfcorescopes.code.t
ex
File: pgfcorescopes.code.tex 2020/12/27 v3.1.8b (3.1.8b)
\pgfpic=\box58
\pgf@hbox=\box59
\pgf@layerbox@main=\box60
\pgf@picture@serial@count=\count288
)
(/opt/local/share/texmf-texlive/tex/generic/pgf/basiclayer/pgfcoregraphicstate.
code.tex
File: pgfcoregraphicstate.code.tex 2020/12/27 v3.1.8b (3.1.8b)
\pgflinewidth=\dimen196
)
(/opt/local/share/texmf-texlive/tex/generic/pgf/basiclayer/pgfcoretransformatio
ns.code.tex
File: pgfcoretransformations.code.tex 2020/12/27 v3.1.8b (3.1.8b)
\pgf@pt@x=\dimen197
\pgf@pt@y=\dimen198
\pgf@pt@temp=\dimen199
)
(/opt/local/share/texmf-texlive/tex/generic/pgf/basiclayer/pgfcorequick.code.te
x
File: pgfcorequick.code.tex 2020/12/27 v3.1.8b (3.1.8b)
)
(/opt/local/share/texmf-texlive/tex/generic/pgf/basiclayer/pgfcoreobjects.code.
tex
File: pgfcoreobjects.code.tex 2020/12/27 v3.1.8b (3.1.8b)
)
(/opt/local/share/texmf-texlive/tex/generic/pgf/basiclayer/pgfcorepathprocessin
g.code.tex
File: pgfcorepathprocessing.code.tex 2020/12/27 v3.1.8b (3.1.8b)
)
(/opt/local/share/texmf-texlive/tex/generic/pgf/basiclayer/pgfcorearrows.code.t
ex
File: pgfcorearrows.code.tex 2020/12/27 v3.1.8b (3.1.8b)
\pgfarrowsep=\dimen256
)
(/opt/local/share/texmf-texlive/tex/generic/pgf/basiclayer/pgfcoreshade.code.te
x
File: pgfcoreshade.code.tex 2020/12/27 v3.1.8b (3.1.8b)
\pgf@max=\dimen257
\pgf@sys@shading@range@num=\count289
\pgf@shadingcount=\count290
)
(/opt/local/share/texmf-texlive/tex/generic/pgf/basiclayer/pgfcoreimage.code.te
x
File: pgfcoreimage.code.tex 2020/12/27 v3.1.8b (3.1.8b)

(/opt/local/share/texmf-texlive/tex/generic/pgf/basiclayer/pgfcoreexternal.code
.tex
File: pgfcoreexternal.code.tex 2020/12/27 v3.1.8b (3.1.8b)
\pgfexternal@startupbox=\box61
))
(/opt/local/share/texmf-texlive/tex/generic/pgf/basiclayer/pgfcorelayers.code.t
ex
File: pgfcorelayers.code.tex 2020/12/27 v3.1.8b (3.1.8b)
)
(/opt/local/share/texmf-texlive/tex/generic/pgf/basiclayer/pgfcoretransparency.
code.tex
File: pgfcoretransparency.code.tex 2020/12/27 v3.1.8b (3.1.8b)
)
(/opt/local/share/texmf-texlive/tex/generic/pgf/basiclayer/pgfcorepatterns.code
.tex
File: pgfcorepatterns.code.tex 2020/12/27 v3.1.8b (3.1.8b)
)
(/opt/local/share/texmf-texlive/tex/generic/pgf/basiclayer/pgfcorerdf.code.tex
File: pgfcorerdf.code.tex 2020/12/27 v3.1.8b (3.1.8b)
)))
(/opt/local/share/texmf-texlive/tex/generic/pgf/modules/pgfmoduleshapes.code.te
x
File: pgfmoduleshapes.code.tex 2020/12/27 v3.1.8b (3.1.8b)
\pgfnodeparttextbox=\box62
)
(/opt/local/share/texmf-texlive/tex/generic/pgf/modules/pgfmoduleplot.code.tex
File: pgfmoduleplot.code.tex 2020/12/27 v3.1.8b (3.1.8b)
)
(/opt/local/share/texmf-texlive/tex/latex/pgf/compatibility/pgfcomp-version-0-6
5.sty
Package: pgfcomp-version-0-65 2020/12/27 v3.1.8b (3.1.8b)
\pgf@nodesepstart=\dimen258
\pgf@nodesepend=\dimen259
)
(/opt/local/share/texmf-texlive/tex/latex/pgf/compatibility/pgfcomp-version-1-1
8.sty
Package: pgfcomp-version-1-18 2020/12/27 v3.1.8b (3.1.8b)
)) (/opt/local/share/texmf-texlive/tex/latex/pgf/utilities/pgffor.sty
(/opt/local/share/texmf-texlive/tex/latex/pgf/utilities/pgfkeys.sty
(/opt/local/share/texmf-texlive/tex/generic/pgf/utilities/pgfkeys.code.tex))
(/opt/local/share/texmf-texlive/tex/latex/pgf/math/pgfmath.sty
(/opt/local/share/texmf-texlive/tex/generic/pgf/math/pgfmath.code.tex))
(/opt/local/share/texmf-texlive/tex/generic/pgf/utilities/pgffor.code.tex
Package: pgffor 2020/12/27 v3.1.8b (3.1.8b)

(/opt/local/share/texmf-texlive/tex/generic/pgf/math/pgfmath.code.tex)
\pgffor@iter=\dimen260
\pgffor@skip=\dimen261
\pgffor@stack=\toks36
\pgffor@toks=\toks37
))
(/opt/local/share/texmf-texlive/tex/generic/pgf/frontendlayer/tikz/tikz.code.te
x
Package: tikz 2020/12/27 v3.1.8b (3.1.8b)

(/opt/local/share/texmf-texlive/tex/generic/pgf/libraries/pgflibraryplothandler
s.code.tex
File: pgflibraryplothandlers.code.tex 2020/12/27 v3.1.8b (3.1.8b)
\pgf@plot@mark@count=\count291
\pgfplotmarksize=\dimen262
)
\tikz@lastx=\dimen263
\tikz@lasty=\dimen264
\tikz@lastxsaved=\dimen265
\tikz@lastysaved=\dimen266
\tikz@lastmovetox=\dimen267
\tikz@lastmovetoy=\dimen268
\tikzleveldistance=\dimen269
\tikzsiblingdistance=\dimen270
\tikz@figbox=\box63
\tikz@figbox@bg=\box64
\tikz@tempbox=\box65
\tikz@tempbox@bg=\box66
\tikztreelevel=\count292
\tikznumberofchildren=\count293
\tikznumberofcurrentchild=\count294
\tikz@fig@count=\count295

(/opt/local/share/texmf-texlive/tex/generic/pgf/modules/pgfmodulematrix.code.te
x
File: pgfmodulematrix.code.tex 2020/12/27 v3.1.8b (3.1.8b)
\pgfmatrixcurrentrow=\count296
\pgfmatrixcurrentcolumn=\count297
\pgf@matrix@numberofcolumns=\count298
)
\tikz@expandcount=\count299

(/opt/local/share/texmf-texlive/tex/generic/pgf/frontendlayer/tikz/libraries/ti
kzlibrarytopaths.code.tex
File: tikzlibrarytopaths.code.tex 2020/12/27 v3.1.8b (3.1.8b)
)))
(/opt/local/share/texmf-texlive/tex/latex/l3backend/l3backend-pdftex.def
File: l3backend-pdftex.def 2021-03-18 L3 backend support: PDF output (pdfTeX)
\l__color_backend_stack_int=\count300
\l__pdf_internal_box=\box67
)
(./main.aux)
\openout1 = `main.aux'.

LaTeX Font Info:    Checking defaults for OML/cmm/m/it on input line 49.
LaTeX Font Info:    ... okay on input line 49.
LaTeX Font Info:    Checking defaults for OMS/cmsy/m/n on input line 49.
LaTeX Font Info:    ... okay on input line 49.
LaTeX Font Info:    Checking defaults for OT1/cmr/m/n on input line 49.
LaTeX Font Info:    ... okay on input line 49.
LaTeX Font Info:    Checking defaults for T1/cmr/m/n on input line 49.
LaTeX Font Info:    ... okay on input line 49.
LaTeX Font Info:    Checking defaults for TS1/cmr/m/n on input line 49.
LaTeX Font Info:    ... okay on input line 49.
LaTeX Font Info:    Checking defaults for OMX/cmex/m/n on input line 49.
LaTeX Font Info:    ... okay on input line 49.
LaTeX Font Info:    Checking defaults for U/cmr/m/n on input line 49.
LaTeX Font Info:    ... okay on input line 49.
LaTeX Font Info:    Checking defaults for PD1/pdf/m/n on input line 49.
LaTeX Font Info:    ... okay on input line 49.
LaTeX Font Info:    Checking defaults for PU/pdf/m/n on input line 49.
LaTeX Font Info:    ... okay on input line 49.

*geometry* driver: auto-detecting
*geometry* detected driver: pdftex
*geometry* verbose mode - [ preamble ] result:
* driver: pdftex
* paper: a4paper
* layout: <same size as paper>
* layoutoffset:(h,v)=(0.0pt,0.0pt)
* modes: twoside 
* h-part:(L,W,R)=(71.70166pt, 418.25368pt, 107.55254pt)
* v-part:(T,H,B)=(101.40665pt, 591.5302pt, 152.11pt)
* \paperwidth=597.50787pt
* \paperheight=785.29605pt
* \textwidth=508.0pt
* \textheight=682.0pt
* \oddsidemargin=-30.0pt
* \evensidemargin=-30.0pt
* \topmargin=-48.0pt
* \headheight=14.0pt
* \headsep=15.0pt
* \topskip=9.0pt
* \footskip=22.0pt
* \marginparwidth=48.0pt
* \marginparsep=6.0pt
* \columnsep=20.0pt
* \skip\footins=19.5pt plus 12.0pt minus 1.0pt
* \hoffset=0.0pt
* \voffset=0.0pt
* \mag=1000
* \@twocolumntrue
* \@twosidetrue
* \@mparswitchtrue
* \@reversemarginfalse
* (1in=72.27pt=25.4mm, 1cm=28.453pt)

Package hyperref Info: Link coloring ON on input line 49.
(/opt/local/share/texmf-texlive/tex/latex/hyperref/nameref.sty
Package: nameref 2021-04-02 v2.47 Cross-referencing by name of section

(/opt/local/share/texmf-texlive/tex/latex/refcount/refcount.sty
Package: refcount 2019/12/15 v3.6 Data extraction from label references (HO)
)
(/opt/local/share/texmf-texlive/tex/generic/gettitlestring/gettitlestring.sty
Package: gettitlestring 2019/12/15 v1.6 Cleanup title references (HO)
)
\c@section@level=\count301
)
LaTeX Info: Redefining \ref on input line 49.
LaTeX Info: Redefining \pageref on input line 49.
LaTeX Info: Redefining \nameref on input line 49.
(./main.out) (./main.out)
\@outlinefile=\write4
\openout4 = `main.out'.


(/opt/local/share/texmf-texlive/tex/context/base/mkii/supp-pdf.mkii
[Loading MPS to PDF converter (version 2006.09.02).]
\scratchcounter=\count302
\scratchdimen=\dimen271
\scratchbox=\box68
\nofMPsegments=\count303
\nofMParguments=\count304
\everyMPshowfont=\toks38
\MPscratchCnt=\count305
\MPscratchDim=\dimen272
\MPnumerator=\count306
\makeMPintoPDFobject=\count307
\everyMPtoPDFconversion=\toks39
)
LaTeX Info: Redefining \celsius on input line 49.
Package gensymb Info: Faking symbols for \degree and \celsius on input line 49.



Package gensymb Warning: Not defining \perthousand.

LaTeX Info: Redefining \ohm on input line 49.
Package gensymb Info: Using \Omega for \ohm on input line 49.

Package gensymb Warning: Not defining \micro.


LaTeX Font Warning: Font shape `OT1/cmr/m/n' in size <16> not available
(Font)              size <17.28> substituted on input line 50.


LaTeX Font Warning: Font shape `OT1/cmr/bx/n' in size <16> not available
(Font)              size <17.28> substituted on input line 50.

LaTeX Font Info:    Trying to load font information for U+msa on input line 50.

(/opt/local/share/texmf-texlive/tex/latex/amsfonts/umsa.fd
File: umsa.fd 2013/01/14 v3.01 AMS symbols A
)
LaTeX Font Info:    Trying to load font information for U+msb on input line 50.


(/opt/local/share/texmf-texlive/tex/latex/amsfonts/umsb.fd
File: umsb.fd 2013/01/14 v3.01 AMS symbols B
)

Package natbib Warning: Citation `Dobler_2010' on page 1 undefined on input lin
e 71.


Package natbib Warning: Citation `Su_2012' on page 1 undefined on input line 71
.


Underfull \vbox (badness 10000) has occurred while \output is active []

 [1{/opt/local/var/db/texmf/fonts/map/pdftex/updmap/pdftex.map}


]

Package natbib Warning: Citation `AMS_2014' on page 2 undefined on input line 7
9.


Package natbib Warning: Citation `Calet_2017' on page 2 undefined on input line
 79.


Package natbib Warning: Citation `Dampe_2017' on page 2 undefined on input line
 79.


Package natbib Warning: Citation `Sun_2010' on page 2 undefined on input line 8
7.


Package natbib Warning: Citation `PT11_2011' on page 2 undefined on input line 
87.


Package natbib Warning: Citation `FARRAR_2014' on page 2 undefined on input lin
e 87.


Package natbib Warning: Citation `TA_2014' on page 2 undefined on input line 87
.


Package natbib Warning: Citation `Auger_Starburst2018' on page 2 undefined on i
nput line 87.


Package natbib Warning: Citation `ICRC_2019' on page 2 undefined on input line 
87.


Package natbib Warning: Citation `ICRC_2021' on page 2 undefined on input line 
87.


Underfull \vbox (badness 10000) has occurred while \output is active []



Package natbib Warning: Citation `Ohno_1993' on page 2 undefined on input line 
110.


Package natbib Warning: Citation `Chepurnov_2010' on page 2 undefined on input 
line 110.


Package natbib Warning: Citation `Haverkorn_2013' on page 2 undefined on input 
line 110.


Package natbib Warning: Citation `Giacinti_2018' on page 2 undefined on input l
ine 110.

<Images/ToyModel_BestFit_XZ.png, id=126, 867.24pt x 867.24pt>
File: Images/ToyModel_BestFit_XZ.png Graphic file (type png)
<use Images/ToyModel_BestFit_XZ.png>
Package pdftex.def Info: Images/ToyModel_BestFit_XZ.png  used on input line 117
.
(pdftex.def)             Requested size: 248.92279pt x 248.91272pt.
<Images/ToyModel_BestFit_XY.png, id=128, 867.24pt x 867.24pt>
File: Images/ToyModel_BestFit_XY.png Graphic file (type png)
<use Images/ToyModel_BestFit_XY.png>
Package pdftex.def Info: Images/ToyModel_BestFit_XY.png  used on input line 118
.
(pdftex.def)             Requested size: 248.92279pt x 248.91272pt.
[2]

Package natbib Warning: Citation `Subramanian_2018' on page 3 undefined on inpu
t line 133.


Package natbib Warning: Citation `Bell_2022' on page 3 undefined on input line 
133.

<Images/Linear_EdNdE.png, id=161, 1156.32pt x 1156.32pt>
File: Images/Linear_EdNdE.png Graphic file (type png)
<use Images/Linear_EdNdE.png>
Package pdftex.def Info: Images/Linear_EdNdE.png  used on input line 137.
(pdftex.def)             Requested size: 248.92279pt x 248.92154pt.
<Images/Log_EdNdE.png, id=162, 1156.32pt x 1156.32pt>
File: Images/Log_EdNdE.png Graphic file (type png)
<use Images/Log_EdNdE.png>
Package pdftex.def Info: Images/Log_EdNdE.png  used on input line 138.
(pdftex.def)             Requested size: 248.92279pt x 248.92154pt.

Underfull \vbox (badness 1024) has occurred while \output is active []


Overfull \hbox (10.60547pt too wide) detected at line 153
[] \OT1/cmr/m/n/9 = [] [][] []\OML/cmm/m/it/9 E[] []  [] 
 []


Overfull \hbox (6.60551pt too wide) detected at line 160
[] \OT1/cmr/m/n/9 = [] [][] []\OML/cmm/m/it/9 E[] []  []
 []

[3pdfTeX warning (ext4): destination with the same identifier (name{figure.1}) 
has been already used, duplicate ignored
<argument> ...shipout:D \box_use:N \l_shipout_box 
                                                  
l.177 
       <./Images/ToyModel_BestFit_XZ.png> <./Images/ToyModel_BestFit_XY.png>]
[4pdfTeX warning (ext4): destination with the same identifier (name{figure.2}) 
has been already used, duplicate ignored
<argument> ...shipout:D \box_use:N \l_shipout_box 
                                                  
l.210 
       <./Images/Linear_EdNdE.png> <./Images/Log_EdNdE.png>]
<Images/Feb-13-2022_Planck_Sky_Map.png, id=208, 867.24pt x 481.8pt>
File: Images/Feb-13-2022_Planck_Sky_Map.png Graphic file (type png)
<use Images/Feb-13-2022_Planck_Sky_Map.png>
Package pdftex.def Info: Images/Feb-13-2022_Planck_Sky_Map.png  used on input l
ine 215.
(pdftex.def)             Requested size: 248.92279pt x 138.28484pt.
<Images/Feb-13-2022Ver1_Skymap_Bstr_3_Btur_6_Rmag_5_Zmag_7_norm_3.76e-13.png, i
d=209, 867.24pt x 481.8pt>
File: Images/Feb-13-2022Ver1_Skymap_Bstr_3_Btur_6_Rmag_5_Zmag_7_norm_3.76e-13.p
ng Graphic file (type png)
<use Images/Feb-13-2022Ver1_Skymap_Bstr_3_Btur_6_Rmag_5_Zmag_7_norm_3.76e-13.pn
g>
Package pdftex.def Info: Images/Feb-13-2022Ver1_Skymap_Bstr_3_Btur_6_Rmag_5_Zma
g_7_norm_3.76e-13.png  used on input line 216.
(pdftex.def)             Requested size: 248.92279pt x 138.28484pt.
<Images/Feb-13-2022_Residue_Bstr_3_Btur_6_Rmag_5_Zmag_7_norm_3.76e-13.png, id=2
10, 867.24pt x 481.8pt>
File: Images/Feb-13-2022_Residue_Bstr_3_Btur_6_Rmag_5_Zmag_7_norm_3.76e-13.png 
Graphic file (type png)
<use Images/Feb-13-2022_Residue_Bstr_3_Btur_6_Rmag_5_Zmag_7_norm_3.76e-13.png>
Package pdftex.def Info: Images/Feb-13-2022_Residue_Bstr_3_Btur_6_Rmag_5_Zmag_7
_norm_3.76e-13.png  used on input line 217.
(pdftex.def)             Requested size: 248.92279pt x 138.28484pt.
<Images/Feb-13-2022_Pol_Frac_30GHz_Total_Skymap_Bstr_3_Btur_6_Rmag_5_Zmag_7_nor
m_2.61e-14.png, id=211, 867.24pt x 481.8pt>
File: Images/Feb-13-2022_Pol_Frac_30GHz_Total_Skymap_Bstr_3_Btur_6_Rmag_5_Zmag_
7_norm_2.61e-14.png Graphic file (type png)
<use Images/Feb-13-2022_Pol_Frac_30GHz_Total_Skymap_Bstr_3_Btur_6_Rmag_5_Zmag_7
_norm_2.61e-14.png>
Package pdftex.def Info: Images/Feb-13-2022_Pol_Frac_30GHz_Total_Skymap_Bstr_3_
Btur_6_Rmag_5_Zmag_7_norm_2.61e-14.png  used on input line 218.
(pdftex.def)             Requested size: 248.92279pt x 138.28484pt.


Package natbib Warning: Citation `Planck_X' on page 5 undefined on input line 2
62.


Package natbib Warning: Citation `Planck_XXV' on page 5 undefined on input line
 262.


Package natbib Warning: Citation `Blasi_1999' on page 5 undefined on input line
 288.

[5]
<Images/Log_Bins_180_Historgam_BF_N2_Str_Tur_TM_40_EeV.png, id=262, 1084.05pt x
 722.7pt>
File: Images/Log_Bins_180_Historgam_BF_N2_Str_Tur_TM_40_EeV.png Graphic file (t
ype png)
<use Images/Log_Bins_180_Historgam_BF_N2_Str_Tur_TM_40_EeV.png>
Package pdftex.def Info: Images/Log_Bins_180_Historgam_BF_N2_Str_Tur_TM_40_EeV.
png  used on input line 297.
(pdftex.def)             Requested size: 248.92279pt x 165.9418pt.
<Images/Bins_180_BF_N2_CenA_NGC253_Str_Tur_TM_40_EeV.png, id=263, 1084.05pt x 7
22.7pt>
File: Images/Bins_180_BF_N2_CenA_NGC253_Str_Tur_TM_40_EeV.png Graphic file (typ
e png)
<use Images/Bins_180_BF_N2_CenA_NGC253_Str_Tur_TM_40_EeV.png>
Package pdftex.def Info: Images/Bins_180_BF_N2_CenA_NGC253_Str_Tur_TM_40_EeV.pn
g  used on input line 298.
(pdftex.def)             Requested size: 248.92279pt x 165.9418pt.
<Images/Log_Bins_180_Historgam_LB_N2_Str_Tur_TM_40_EeV.png, id=264, 1084.05pt x
 722.7pt>
File: Images/Log_Bins_180_Historgam_LB_N2_Str_Tur_TM_40_EeV.png Graphic file (t
ype png)
<use Images/Log_Bins_180_Historgam_LB_N2_Str_Tur_TM_40_EeV.png>
Package pdftex.def Info: Images/Log_Bins_180_Historgam_LB_N2_Str_Tur_TM_40_EeV.
png  used on input line 299.
(pdftex.def)             Requested size: 248.92279pt x 165.9418pt.
<Images/Bins_180_LB_N2_CenA_NGC253_Str_Tur_TM_40_EeV.png, id=265, 1084.05pt x 7
22.7pt>
File: Images/Bins_180_LB_N2_CenA_NGC253_Str_Tur_TM_40_EeV.png Graphic file (typ
e png)
<use Images/Bins_180_LB_N2_CenA_NGC253_Str_Tur_TM_40_EeV.png>
Package pdftex.def Info: Images/Bins_180_LB_N2_CenA_NGC253_Str_Tur_TM_40_EeV.pn
g  used on input line 300.
(pdftex.def)             Requested size: 248.92279pt x 165.9418pt.
<Images/Log_Bins_180_Historgam_UB_N2_Str_Tur_TM_40_EeV.png, id=266, 1084.05pt x
 722.7pt>
File: Images/Log_Bins_180_Historgam_UB_N2_Str_Tur_TM_40_EeV.png Graphic file (t
ype png)
<use Images/Log_Bins_180_Historgam_UB_N2_Str_Tur_TM_40_EeV.png>
Package pdftex.def Info: Images/Log_Bins_180_Historgam_UB_N2_Str_Tur_TM_40_EeV.
png  used on input line 301.
(pdftex.def)             Requested size: 248.92279pt x 165.9418pt.
<Images/Bins_180_UB_N2_CenA_NGC253_Str_Tur_TM_40_EeV.png, id=267, 1084.05pt x 7
22.7pt>
File: Images/Bins_180_UB_N2_CenA_NGC253_Str_Tur_TM_40_EeV.png Graphic file (typ
e png)
<use Images/Bins_180_UB_N2_CenA_NGC253_Str_Tur_TM_40_EeV.png>
Package pdftex.def Info: Images/Bins_180_UB_N2_CenA_NGC253_Str_Tur_TM_40_EeV.pn
g  used on input line 302.
(pdftex.def)             Requested size: 248.92279pt x 165.9418pt.

Underfull \hbox (badness 10000) in paragraph at lines 313--315
[]\OT1/cmr/bx/n/9 Left col-umn:  \OT1/cmr/m/n/9 the mag-ni-fi-ca-tion maps in
 []


Underfull \hbox (badness 1097) in paragraph at lines 313--315
\OT1/cmr/m/n/9 log(particles/str), ob-tained by back-track-ing an isotropic
 []


Underfull \hbox (badness 1424) in paragraph at lines 313--315
\OT1/cmr/m/n/9 To cre-ate these his-tograms we binned the cos-mic ray
 []

[6pdfTeX warning (ext4): destination with the same identifier (name{figure.3}) 
has been already used, duplicate ignored
<argument> ...shipout:D \box_use:N \l_shipout_box 
                                                  
l.321 
      pdfTeX warning (ext4): destination with the same identifier (name{table.1
}) has been already used, duplicate ignored
<argument> ...shipout:D \box_use:N \l_shipout_box 
                                                  
l.321 
       <./Images/Feb-13-2022_Planck_Sky_Map.png> <./Images/Feb-13-2022Ver1_Skym
ap_Bstr_3_Btur_6_Rmag_5_Zmag_7_norm_3.76e-13.png> <./Images/Feb-13-2022_Residue
_Bstr_3_Btur_6_Rmag_5_Zmag_7_norm_3.76e-13.png> <./Images/Feb-13-2022_Pol_Frac_
30GHz_Total_Skymap_Bstr_3_Btur_6_Rmag_5_Zmag_7_norm_2.61e-14.png>]
Underfull \vbox (badness 10000) has occurred while \output is active []


Underfull \vbox (badness 10000) has occurred while \output is active []

 [7pdfTeX warning (ext4): destination with the same identifier (name{figure.4})
 has been already used, duplicate ignored
<argument> ...shipout:D \box_use:N \l_shipout_box 
                                                  
l.321 
       <./Images/Log_Bins_180_Historgam_BF_N2_Str_Tur_TM_40_EeV.png> <./Images/
Bins_180_BF_N2_CenA_NGC253_Str_Tur_TM_40_EeV.png> <./Images/Log_Bins_180_Histor
gam_LB_N2_Str_Tur_TM_40_EeV.png> <./Images/Bins_180_LB_N2_CenA_NGC253_Str_Tur_T
M_40_EeV.png> <./Images/Log_Bins_180_Historgam_UB_N2_Str_Tur_TM_40_EeV.png> <./
Images/Bins_180_UB_N2_CenA_NGC253_Str_Tur_TM_40_EeV.png>]

Package natbib Warning: Citation `Auger_ICRC_2021' on page 8 undefined on input
 line 329.


Package natbib Warning: Citation `Arjen_2021' on page 8 undefined on input line
 340.


Package natbib Warning: Citation `Auger_Starburst2018' on page 8 undefined on i
nput line 340.


Package natbib Warning: Citation `Taylor_2019' on page 8 undefined on input lin
e 348.


Package natbib Warning: Citation `Auger_Starburst2018' on page 8 undefined on i
nput line 350.


Package natbib Warning: Citation `Arjen_2021' on page 8 undefined on input line
 350.

(./main.bbl
LaTeX Info: Redefining \VAN on input line 1.
 [8]
Underfull \hbox (badness 4569) in paragraph at lines 224--226
[]\OT1/cmr/m/n/8 Taylor A. M., Hillas A. M., 2019, The Ef-fects of the
 []

)
<Images/Total_intensity_Ellipses_circles_emissions.png, id=366, 823.075pt x 737
.75626pt>
File: Images/Total_intensity_Ellipses_circles_emissions.png Graphic file (type 
png)
<use Images/Total_intensity_Ellipses_circles_emissions.png>
Package pdftex.def Info: Images/Total_intensity_Ellipses_circles_emissions.png 
 used on input line 377.
(pdftex.def)             Requested size: 248.92279pt x 223.11848pt.
<Images/Pol_intensity_Ellipses_circles_emissions.png, id=367, 737.75626pt x 661
.47125pt>
File: Images/Pol_intensity_Ellipses_circles_emissions.png Graphic file (type pn
g)
<use Images/Pol_intensity_Ellipses_circles_emissions.png>
Package pdftex.def Info: Images/Pol_intensity_Ellipses_circles_emissions.png  u
sed on input line 379.
(pdftex.def)             Requested size: 248.92279pt x 223.1814pt.
<Images/Jan27_Test_PowerSpectrum_vs_lambda_seed_10_lmin_200.0lmax_400.0.png, id
=372, 939.51pt x 722.7pt>
File: Images/Jan27_Test_PowerSpectrum_vs_lambda_seed_10_lmin_200.0lmax_400.0.pn
g Graphic file (type png)
<use Images/Jan27_Test_PowerSpectrum_vs_lambda_seed_10_lmin_200.0lmax_400.0.png
>
Package pdftex.def Info: Images/Jan27_Test_PowerSpectrum_vs_lambda_seed_10_lmin
_200.0lmax_400.0.png  used on input line 395.
(pdftex.def)             Requested size: 248.92279pt x 191.47047pt.
<Images/Bins_180_CenA_NGC253_JF12_Halo_40_EeV.png, id=377, 1084.05pt x 722.7pt>

File: Images/Bins_180_CenA_NGC253_JF12_Halo_40_EeV.png Graphic file (type png)
<use Images/Bins_180_CenA_NGC253_JF12_Halo_40_EeV.png>
Package pdftex.def Info: Images/Bins_180_CenA_NGC253_JF12_Halo_40_EeV.png  used
 on input line 405.
(pdftex.def)             Requested size: 304.8031pt x 203.20374pt.
 [9]

Package natbib Warning: There were undefined citations.

[10pdfTeX warning (ext4): destination with the same identifier (name{figure.A1.
1}) has been already used, duplicate ignored
<argument> ...shipout:D \box_use:N \l_shipout_box 
                                                  
l.410 \end{document}
                    pdfTeX warning (ext4): destination with the same identifier
 (name{figure.A2.1}) has been already used, duplicate ignored
<argument> ...shipout:D \box_use:N \l_shipout_box 
                                                  
l.410 \end{document}
                    

 <./Images/Total_intensity_Ellipses_circles_emissions.png> <./Images/Pol_intens
ity_Ellipses_circles_emissions.png> <./Images/Jan27_Test_PowerSpectrum_vs_lambd
a_seed_10_lmin_200.0lmax_400.0.png>]
Underfull \vbox (badness 10000) has occurred while \output is active []

 [11pdfTeX warning (ext4): destination with the same identifier (name{figure.A3
.1}) has been already used, duplicate ignored
<argument> ...shipout:D \box_use:N \l_shipout_box 
                                                  
l.410 \end{document}
                     <./Images/Bins_180_CenA_NGC253_JF12_Halo_40_EeV.png>]
(./main.aux

Package natbib Warning: Citation(s) may have changed.
(natbib)                Rerun to get citations correct.

)

LaTeX Font Warning: Size substitutions with differences
(Font)              up to 1.28pt have occurred.

Package rerunfilecheck Info: File `main.out' has not changed.
(rerunfilecheck)             Checksum: 5E335D03DD6A8F2C7D932C750FAEBCE1;2694.
 ) 
Here is how much of TeX's memory you used:
 20868 strings out of 480108
 374022 string characters out of 5881251
 693288 words of memory out of 5000000
 37690 multiletter control sequences out of 15000+600000
 418946 words of font info for 83 fonts, out of 8000000 for 9000
 430 hyphenation exceptions out of 8191
 87i,15n,91p,1752b,750s stack positions out of 5000i,500n,10000p,200000b,80000s
pdfTeX warning (dest): name{Hfootnote.1} has been referenced but does not exi
st, replaced by a fixed one

{/opt/local/share/texmf-texlive/fonts/enc/dvips/cm-super/cm-super-ts1.enc}</opt
/local/share/texmf-texlive/fonts/type1/public/amsfonts/cm/cmbx10.pfb></opt/loca
l/share/texmf-texlive/fonts/type1/public/amsfonts/cm/cmbx12.pfb></opt/local/sha
re/texmf-texlive/fonts/type1/public/amsfonts/cm/cmbx8.pfb></opt/local/share/tex
mf-texlive/fonts/type1/public/amsfonts/cm/cmbx9.pfb></opt/local/share/texmf-tex
live/fonts/type1/public/amsfonts/cmextra/cmex9.pfb></opt/local/share/texmf-texl
ive/fonts/type1/public/amsfonts/cm/cmmi10.pfb></opt/local/share/texmf-texlive/f
onts/type1/public/amsfonts/cm/cmmi5.pfb></opt/local/share/texmf-texlive/fonts/t
ype1/public/amsfonts/cm/cmmi6.pfb></opt/local/share/texmf-texlive/fonts/type1/p
ublic/amsfonts/cm/cmmi8.pfb></opt/local/share/texmf-texlive/fonts/type1/public/
amsfonts/cm/cmmi9.pfb></opt/local/share/texmf-texlive/fonts/type1/public/amsfon
ts/cmextra/cmmib9.pfb></opt/local/share/texmf-texlive/fonts/type1/public/amsfon
ts/cm/cmr10.pfb></opt/local/share/texmf-texlive/fonts/type1/public/amsfonts/cm/
cmr12.pfb></opt/local/share/texmf-texlive/fonts/type1/public/amsfonts/cm/cmr5.p
fb></opt/local/share/texmf-texlive/fonts/type1/public/amsfonts/cm/cmr6.pfb></op
t/local/share/texmf-texlive/fonts/type1/public/amsfonts/cm/cmr8.pfb></opt/local
/share/texmf-texlive/fonts/type1/public/amsfonts/cm/cmr9.pfb></opt/local/share/
texmf-texlive/fonts/type1/public/amsfonts/cm/cmsy6.pfb></opt/local/share/texmf-
texlive/fonts/type1/public/amsfonts/cm/cmsy8.pfb></opt/local/share/texmf-texliv
e/fonts/type1/public/amsfonts/cm/cmsy9.pfb></opt/local/share/texmf-texlive/font
s/type1/public/amsfonts/cm/cmti12.pfb></opt/local/share/texmf-texlive/fonts/typ
e1/public/amsfonts/cm/cmti8.pfb></opt/local/share/texmf-texlive/fonts/type1/pub
lic/amsfonts/cm/cmti9.pfb></opt/local/share/texmf-texlive/fonts/type1/public/am
sfonts/cm/cmtt8.pfb></opt/local/share/texmf-texlive/fonts/type1/public/amsfonts
/symbols/msam10.pfb></opt/local/share/texmf-texlive/fonts/type1/public/amsfonts
/symbols/msbm10.pfb></opt/local/share/texmf-texlive/fonts/type1/public/amsfonts
/symbols/msbm7.pfb></opt/local/share/texmf-texlive/fonts/type1/public/cm-super/
sfrm0800.pfb>
Output written on main.pdf (11 pages, 8498557 bytes).
PDF statistics:
 552 PDF objects out of 1000 (max. 8388607)
 466 compressed objects within 5 object streams
 95 named destinations out of 1000 (max. 500000)
 199 words of extra memory for PDF output out of 10000 (max. 10000000)

